<?xml version="1.0" encoding="UTF-8"?>
<testng-results ignored="0" total="1" passed="1" failed="0" skipped="0">
  <reporter-output>
  </reporter-output>
  <suite started-at="2021-12-15T13:28:54 IST" name="Default suite" finished-at="2021-12-15T13:28:54 IST" duration-ms="121">
    <groups>
    </groups>
    <test started-at="2021-12-15T13:28:54 IST" name="Default test" finished-at="2021-12-15T13:28:54 IST" duration-ms="121">
      <class name="com.crm.pack.getDataFromcommandLineTest">
        <test-method signature="commandlineTest()[pri:0, instance:com.crm.pack.getDataFromcommandLineTest@223aa2f7]" started-at="2021-12-15T13:28:54 IST" name="commandlineTest" finished-at="2021-12-15T13:28:54 IST" duration-ms="19" status="PASS">
          <reporter-output>
          </reporter-output>
        </test-method> <!-- commandlineTest -->
      </class> <!-- com.crm.pack.getDataFromcommandLineTest -->
    </test> <!-- Default test -->
  </suite> <!-- Default suite -->
</testng-results>
