<?xml version="1.0" encoding="UTF-8"?>
<testng-results ignored="0" total="1" passed="1" failed="0" skipped="0">
  <reporter-output>
  </reporter-output>
  <suite started-at="2021-12-15T12:54:01 IST" name="Default suite" finished-at="2021-12-15T12:54:01 IST" duration-ms="150">
    <groups>
    </groups>
    <test started-at="2021-12-15T12:54:01 IST" name="Default test" finished-at="2021-12-15T12:54:01 IST" duration-ms="150">
      <class name="com.crm.pack.SampleTest">
        <test-method signature="createorg()[pri:0, instance:com.crm.pack.SampleTest@3fc08eec]" started-at="2021-12-15T12:54:01 IST" name="createorg" finished-at="2021-12-15T12:54:01 IST" duration-ms="27" status="PASS">
          <reporter-output>
          </reporter-output>
        </test-method> <!-- createorg -->
      </class> <!-- com.crm.pack.SampleTest -->
    </test> <!-- Default test -->
  </suite> <!-- Default suite -->
</testng-results>
